[21:19:18] [ServerMain/INFO]: Environment: Environment[sessionHost=https://sessionserver.mojang.com, servicesHost=https://api.minecraftservices.com, name=PROD]
[21:19:19] [ServerMain/INFO]: No existing world data, creating new world
[21:19:19] [ServerMain/INFO]: Loaded 1407 recipes
[21:19:19] [ServerMain/INFO]: Loaded 1520 advancements
[21:19:19] [Server thread/INFO]: Starting minecraft server version 1.21.8
[21:19:19] [Server thread/INFO]: Loading properties
[21:19:19] [Server thread/INFO]: Default game type: SURVIVAL
[21:19:19] [Server thread/INFO]: Generating keypair
[21:19:20] [Server thread/INFO]: Starting Minecraft server on *:25565
[21:19:20] [Server thread/INFO]: Using epoll channel type
[21:19:20] [Server thread/WARN]: **** SERVER IS RUNNING IN OFFLINE/INSECURE MODE!
[21:19:20] [Server thread/WARN]: The server will make no attempt to authenticate usernames. Beware.
[21:19:20] [Server thread/WARN]: While this makes the game possible to play without internet access, it also opens up the ability for hackers to connect with any username they choose.
[21:19:20] [Server thread/WARN]: To change this, set "online-mode" to "true" in the server.properties file.
[21:19:20] [Server thread/INFO]: Preparing level "world"
[21:19:25] [Server thread/INFO]: Preparing start region for dimension minecraft:overworld
[21:19:25] [Worker-Main-1/INFO]: Preparing spawn area: 2%
[21:19:26] [Worker-Main-2/INFO]: Preparing spawn area: 2%
[21:19:26] [Worker-Main-1/INFO]: Preparing spawn area: 2%
[21:19:27] [Worker-Main-2/INFO]: Preparing spawn area: 2%
[21:19:28] [Worker-Main-3/INFO]: Preparing spawn area: 2%
[21:19:28] [Worker-Main-2/INFO]: Preparing spawn area: 18%
[21:19:28] [Worker-Main-2/INFO]: Preparing spawn area: 18%
[21:19:29] [Worker-Main-1/INFO]: Preparing spawn area: 18%
[21:19:29] [Worker-Main-3/INFO]: Preparing spawn area: 51%
[21:19:30] [Worker-Main-3/INFO]: Preparing spawn area: 51%
[21:19:30] [Worker-Main-1/INFO]: Preparing spawn area: 51%
[21:19:31] [Server thread/INFO]: Time elapsed: 5458 ms
[21:19:31] [Server thread/INFO]: Done (11.188s)! For help, type "help"
[21:20:31] [Server thread/INFO]: Server empty for 60 seconds, pausing
[21:24:08] [Server thread/INFO]: EdgarEliel1594[/127.186.82.125:38483] logged in with entity id 11 at (-3.5, 85.0, 25.5)
[21:24:08] [Server thread/INFO]: EdgarEliel1594 joined the game
[21:25:45] [Server thread/INFO]: EdgarEliel1594 lost connection: Disconnected
[21:25:45] [Server thread/INFO]: EdgarEliel1594 left the game
[21:26:45] [Server thread/INFO]: Server empty for 60 seconds, pausing
